2023-10-05T10:08:05.476+05:30  INFO 11128 --- [restartedMain] c.p.v.VendormanagementsystemApplication  : Starting VendormanagementsystemApplication using Java 17.0.6 with PID 11128 (E:\Dev Zone\GitHub\AppDevelopment\Day12\vendormanagementsystem\target\classes started by USER in E:\Dev Zone\GitHub\AppDevelopment\Day12\vendormanagementsystem)
2023-10-05T10:08:05.535+05:30  INFO 11128 --- [restartedMain] c.p.v.VendormanagementsystemApplication  : No active profile set, falling back to 1 default profile: "default"
2023-10-05T10:08:05.721+05:30  INFO 11128 --- [restartedMain] .e.DevToolsPropertyDefaultsPostProcessor : Devtools property defaults active! Set 'spring.devtools.add-properties' to 'false' to disable
2023-10-05T10:08:05.721+05:30  INFO 11128 --- [restartedMain] .e.DevToolsPropertyDefaultsPostProcessor : For additional web related logging consider setting the 'logging.level.web' property to 'DEBUG'
2023-10-05T10:08:06.833+05:30  INFO 11128 --- [restartedMain] .s.d.r.c.RepositoryConfigurationDelegate : Bootstrapping Spring Data JPA repositories in DEFAULT mode.
2023-10-05T10:08:06.949+05:30  INFO 11128 --- [restartedMain] .s.d.r.c.RepositoryConfigurationDelegate : Finished Spring Data repository scanning in 85 ms. Found 6 JPA repository interfaces.
2023-10-05T10:08:07.910+05:30  INFO 11128 --- [restartedMain] o.s.b.w.embedded.tomcat.TomcatWebServer  : Tomcat initialized with port(s): 1612 (http)
2023-10-05T10:08:07.941+05:30  INFO 11128 --- [restartedMain] o.apache.catalina.core.StandardService   : Starting service [Tomcat]
2023-10-05T10:08:07.941+05:30  INFO 11128 --- [restartedMain] o.apache.catalina.core.StandardEngine    : Starting Servlet engine: [Apache Tomcat/10.1.13]
2023-10-05T10:08:08.039+05:30  INFO 11128 --- [restartedMain] o.a.c.c.C.[.[localhost].[/api/v1]        : Initializing Spring embedded WebApplicationContext
2023-10-05T10:08:08.039+05:30  INFO 11128 --- [restartedMain] w.s.c.ServletWebServerApplicationContext : Root WebApplicationContext: initialization completed in 2318 ms
2023-10-05T10:08:08.202+05:30  INFO 11128 --- [restartedMain] o.hibernate.jpa.internal.util.LogHelper  : HHH000204: Processing PersistenceUnitInfo [name: default]
2023-10-05T10:08:08.302+05:30  INFO 11128 --- [restartedMain] org.hibernate.Version                    : HHH000412: Hibernate ORM core version 6.2.9.Final
2023-10-05T10:08:08.302+05:30  INFO 11128 --- [restartedMain] org.hibernate.cfg.Environment            : HHH000406: Using bytecode reflection optimizer
2023-10-05T10:08:08.496+05:30  INFO 11128 --- [restartedMain] o.h.b.i.BytecodeProviderInitiator        : HHH000021: Bytecode provider name : bytebuddy
2023-10-05T10:08:08.663+05:30  INFO 11128 --- [restartedMain] o.s.o.j.p.SpringPersistenceUnitInfo      : No LoadTimeWeaver setup: ignoring JPA class transformer
2023-10-05T10:08:08.679+05:30  INFO 11128 --- [restartedMain] com.zaxxer.hikari.HikariDataSource       : HikariPool-1 - Starting...
2023-10-05T10:08:09.624+05:30  INFO 11128 --- [restartedMain] com.zaxxer.hikari.pool.HikariPool        : HikariPool-1 - Added connection com.mysql.cj.jdbc.ConnectionImpl@13945d13
2023-10-05T10:08:09.624+05:30  INFO 11128 --- [restartedMain] com.zaxxer.hikari.HikariDataSource       : HikariPool-1 - Start completed.
2023-10-05T10:08:09.706+05:30  WARN 11128 --- [restartedMain] org.hibernate.orm.deprecation            : HHH90000026: MySQL8Dialect has been deprecated; use org.hibernate.dialect.MySQLDialect instead
2023-10-05T10:08:10.033+05:30  INFO 11128 --- [restartedMain] o.h.b.i.BytecodeProviderInitiator        : HHH000021: Bytecode provider name : bytebuddy
2023-10-05T10:08:10.844+05:30  INFO 11128 --- [restartedMain] o.h.e.t.j.p.i.JtaPlatformInitiator       : HHH000490: Using JtaPlatform implementation: [org.hibernate.engine.transaction.jta.platform.internal.NoJtaPlatform]
2023-10-05T10:08:10.988+05:30  INFO 11128 --- [restartedMain] j.LocalContainerEntityManagerFactoryBean : Initialized JPA EntityManagerFactory for persistence unit 'default'
2023-10-05T10:08:11.803+05:30  WARN 11128 --- [restartedMain] JpaBaseConfiguration$JpaWebConfiguration : spring.jpa.open-in-view is enabled by default. Therefore, database queries may be performed during view rendering. Explicitly configure spring.jpa.open-in-view to disable this warning
2023-10-05T10:08:12.205+05:30  INFO 11128 --- [restartedMain] o.s.s.web.DefaultSecurityFilterChain     : Will secure any request with [org.springframework.security.web.session.DisableEncodeUrlFilter@93928cd, org.springframework.security.web.context.request.async.WebAsyncManagerIntegrationFilter@506489c0, org.springframework.security.web.context.SecurityContextHolderFilter@76bed798, org.springframework.security.web.header.HeaderWriterFilter@2ff3119f, org.springframework.web.filter.CorsFilter@1d61b926, org.springframework.security.web.authentication.logout.LogoutFilter@47252ba6, com.paranthaman.vendormanagementsystem.config.JwtAuthenticationFilter@4be0d9e0, org.springframework.security.web.savedrequest.RequestCacheAwareFilter@5d0928f, org.springframework.security.web.servletapi.SecurityContextHolderAwareRequestFilter@5acf4f3d, org.springframework.security.web.authentication.AnonymousAuthenticationFilter@2cc7a58f, org.springframework.security.web.session.SessionManagementFilter@18793860, org.springframework.security.web.access.ExceptionTranslationFilter@4544e93, org.springframework.security.web.access.intercept.AuthorizationFilter@7fa4c41e]
2023-10-05T10:08:12.567+05:30  INFO 11128 --- [restartedMain] o.s.b.d.a.OptionalLiveReloadServer       : LiveReload server is running on port 35729
2023-10-05T10:08:12.620+05:30  INFO 11128 --- [restartedMain] o.s.b.w.embedded.tomcat.TomcatWebServer  : Tomcat started on port(s): 1612 (http) with context path '/api/v1'
2023-10-05T10:08:12.635+05:30  INFO 11128 --- [restartedMain] c.p.v.VendormanagementsystemApplication  : Started VendormanagementsystemApplication in 7.828 seconds (process running for 8.395)
2023-10-05T10:08:25.645+05:30  INFO 11128 --- [http-nio-1612-exec-1] o.a.c.c.C.[.[localhost].[/api/v1]        : Initializing Spring DispatcherServlet 'dispatcherServlet'
2023-10-05T10:08:25.645+05:30  INFO 11128 --- [http-nio-1612-exec-1] o.s.web.servlet.DispatcherServlet        : Initializing Servlet 'dispatcherServlet'
2023-10-05T10:08:25.645+05:30  INFO 11128 --- [http-nio-1612-exec-1] o.s.web.servlet.DispatcherServlet        : Completed initialization in 0 ms
2023-10-05T10:08:25.660+05:30 DEBUG 11128 --- [http-nio-1612-exec-1] o.s.security.web.FilterChainProxy        : Securing POST /auth/signup
2023-10-05T10:08:25.678+05:30 DEBUG 11128 --- [http-nio-1612-exec-1] o.s.s.w.a.AnonymousAuthenticationFilter  : Set SecurityContextHolder to anonymous SecurityContext
2023-10-05T10:08:25.705+05:30 DEBUG 11128 --- [http-nio-1612-exec-1] o.s.security.web.FilterChainProxy        : Secured POST /auth/signup
2023-10-05T10:08:37.207+05:30 DEBUG 11128 --- [http-nio-1612-exec-4] o.s.security.web.FilterChainProxy        : Securing POST /auth/login
2023-10-05T10:08:37.207+05:30 DEBUG 11128 --- [http-nio-1612-exec-4] o.s.s.w.a.AnonymousAuthenticationFilter  : Set SecurityContextHolder to anonymous SecurityContext
2023-10-05T10:08:37.215+05:30 DEBUG 11128 --- [http-nio-1612-exec-4] o.s.security.web.FilterChainProxy        : Secured POST /auth/login
2023-10-05T10:08:37.721+05:30 DEBUG 11128 --- [http-nio-1612-exec-4] o.s.s.a.dao.DaoAuthenticationProvider    : Authenticated user
2023-10-05T10:09:14.968+05:30 DEBUG 11128 --- [http-nio-1612-exec-5] o.s.security.web.FilterChainProxy        : Securing POST /auth/login
2023-10-05T10:09:14.976+05:30 DEBUG 11128 --- [http-nio-1612-exec-5] o.s.s.w.a.AnonymousAuthenticationFilter  : Set SecurityContextHolder to anonymous SecurityContext
2023-10-05T10:09:14.976+05:30 DEBUG 11128 --- [http-nio-1612-exec-5] o.s.security.web.FilterChainProxy        : Secured POST /auth/login
2023-10-05T10:09:15.252+05:30 DEBUG 11128 --- [http-nio-1612-exec-5] o.s.s.a.dao.DaoAuthenticationProvider    : Authenticated user
2023-10-05T10:10:01.803+05:30 DEBUG 11128 --- [http-nio-1612-exec-6] o.s.security.web.FilterChainProxy        : Securing GET /vendor/byAid?aid=d7f08569-6b5e-4294-8a9d-dbd51e614de3
2023-10-05T10:10:01.974+05:30 DEBUG 11128 --- [http-nio-1612-exec-6] o.s.security.web.FilterChainProxy        : Secured GET /vendor/byAid?aid=d7f08569-6b5e-4294-8a9d-dbd51e614de3
2023-10-05T10:10:02.006+05:30 DEBUG 11128 --- [http-nio-1612-exec-6] o.s.security.web.FilterChainProxy        : Securing GET /error?aid=d7f08569-6b5e-4294-8a9d-dbd51e614de3
2023-10-05T10:10:02.016+05:30 DEBUG 11128 --- [http-nio-1612-exec-6] o.s.s.w.a.AnonymousAuthenticationFilter  : Set SecurityContextHolder to anonymous SecurityContext
2023-10-05T10:10:02.022+05:30 DEBUG 11128 --- [http-nio-1612-exec-6] o.s.s.w.a.Http403ForbiddenEntryPoint     : Pre-authenticated entry point called. Rejecting access
2023-10-05T10:10:09.369+05:30 DEBUG 11128 --- [http-nio-1612-exec-7] o.s.security.web.FilterChainProxy        : Securing GET /vendor/byAid?vid=d7f08569-6b5e-4294-8a9d-dbd51e614de3
2023-10-05T10:10:09.397+05:30 DEBUG 11128 --- [http-nio-1612-exec-7] o.s.security.web.FilterChainProxy        : Secured GET /vendor/byAid?vid=d7f08569-6b5e-4294-8a9d-dbd51e614de3
2023-10-05T10:10:09.410+05:30 DEBUG 11128 --- [http-nio-1612-exec-7] o.s.security.web.FilterChainProxy        : Securing GET /error?vid=d7f08569-6b5e-4294-8a9d-dbd51e614de3
2023-10-05T10:10:09.419+05:30 DEBUG 11128 --- [http-nio-1612-exec-7] o.s.s.w.a.AnonymousAuthenticationFilter  : Set SecurityContextHolder to anonymous SecurityContext
2023-10-05T10:10:09.426+05:30 DEBUG 11128 --- [http-nio-1612-exec-7] o.s.s.w.a.Http403ForbiddenEntryPoint     : Pre-authenticated entry point called. Rejecting access
2023-10-05T10:10:27.237+05:30 DEBUG 11128 --- [http-nio-1612-exec-8] o.s.security.web.FilterChainProxy        : Securing GET /vendor/byAid?vid=d7f08569-6b5e-4294-8a9d-dbd51e614de3
2023-10-05T10:10:27.273+05:30 DEBUG 11128 --- [http-nio-1612-exec-8] o.s.security.web.FilterChainProxy        : Secured GET /vendor/byAid?vid=d7f08569-6b5e-4294-8a9d-dbd51e614de3
2023-10-05T10:10:27.283+05:30 DEBUG 11128 --- [http-nio-1612-exec-8] o.s.security.web.FilterChainProxy        : Securing GET /error?vid=d7f08569-6b5e-4294-8a9d-dbd51e614de3
2023-10-05T10:10:27.286+05:30 DEBUG 11128 --- [http-nio-1612-exec-8] o.s.s.w.a.AnonymousAuthenticationFilter  : Set SecurityContextHolder to anonymous SecurityContext
2023-10-05T10:10:27.286+05:30 DEBUG 11128 --- [http-nio-1612-exec-8] o.s.s.w.a.Http403ForbiddenEntryPoint     : Pre-authenticated entry point called. Rejecting access
2023-10-05T10:10:45.413+05:30 DEBUG 11128 --- [http-nio-1612-exec-9] o.s.security.web.FilterChainProxy        : Securing POST /auth/signup
2023-10-05T10:10:45.413+05:30 DEBUG 11128 --- [http-nio-1612-exec-9] o.s.s.w.a.AnonymousAuthenticationFilter  : Set SecurityContextHolder to anonymous SecurityContext
2023-10-05T10:10:45.413+05:30 DEBUG 11128 --- [http-nio-1612-exec-9] o.s.security.web.FilterChainProxy        : Secured POST /auth/signup
2023-10-05T10:10:52.753+05:30 DEBUG 11128 --- [http-nio-1612-exec-10] o.s.security.web.FilterChainProxy        : Securing POST /auth/login
2023-10-05T10:10:52.761+05:30 DEBUG 11128 --- [http-nio-1612-exec-10] o.s.s.w.a.AnonymousAuthenticationFilter  : Set SecurityContextHolder to anonymous SecurityContext
2023-10-05T10:10:52.761+05:30 DEBUG 11128 --- [http-nio-1612-exec-10] o.s.security.web.FilterChainProxy        : Secured POST /auth/login
2023-10-05T10:10:53.038+05:30 DEBUG 11128 --- [http-nio-1612-exec-10] o.s.s.a.dao.DaoAuthenticationProvider    : Authenticated user
2023-10-05T10:11:19.992+05:30 DEBUG 11128 --- [http-nio-1612-exec-2] o.s.security.web.FilterChainProxy        : Securing GET /admin/byAid?aid=4dc42c96-35de-4b44-b84f-9debb6a38bd1
2023-10-05T10:11:20.008+05:30 DEBUG 11128 --- [http-nio-1612-exec-2] o.s.security.web.FilterChainProxy        : Secured GET /admin/byAid?aid=4dc42c96-35de-4b44-b84f-9debb6a38bd1
2023-10-05T10:13:44.808+05:30 DEBUG 11128 --- [http-nio-1612-exec-3] o.s.security.web.FilterChainProxy        : Securing GET /admin/service/getAll
2023-10-05T10:13:44.838+05:30 DEBUG 11128 --- [http-nio-1612-exec-3] o.s.security.web.FilterChainProxy        : Secured GET /admin/service/getAll
