2023-10-05T10:08:05.476+05:30  INFO 11128 --- [restartedMain] c.p.v.VendormanagementsystemApplication  : Starting VendormanagementsystemApplication using Java 17.0.6 with PID 11128 (E:\Dev Zone\GitHub\AppDevelopment\Day12\vendormanagementsystem\target\classes started by USER in E:\Dev Zone\GitHub\AppDevelopment\Day12\vendormanagementsystem)
2023-10-05T10:08:05.535+05:30  INFO 11128 --- [restartedMain] c.p.v.VendormanagementsystemApplication  : No active profile set, falling back to 1 default profile: "default"
2023-10-05T10:08:05.721+05:30  INFO 11128 --- [restartedMain] .e.DevToolsPropertyDefaultsPostProcessor : Devtools property defaults active! Set 'spring.devtools.add-properties' to 'false' to disable
2023-10-05T10:08:05.721+05:30  INFO 11128 --- [restartedMain] .e.DevToolsPropertyDefaultsPostProcessor : For additional web related logging consider setting the 'logging.level.web' property to 'DEBUG'
2023-10-05T10:08:06.833+05:30  INFO 11128 --- [restartedMain] .s.d.r.c.RepositoryConfigurationDelegate : Bootstrapping Spring Data JPA repositories in DEFAULT mode.
2023-10-05T10:08:06.949+05:30  INFO 11128 --- [restartedMain] .s.d.r.c.RepositoryConfigurationDelegate : Finished Spring Data repository scanning in 85 ms. Found 6 JPA repository interfaces.
2023-10-05T10:08:07.910+05:30  INFO 11128 --- [restartedMain] o.s.b.w.embedded.tomcat.TomcatWebServer  : Tomcat initialized with port(s): 1612 (http)
2023-10-05T10:08:07.941+05:30  INFO 11128 --- [restartedMain] o.apache.catalina.core.StandardService   : Starting service [Tomcat]
2023-10-05T10:08:07.941+05:30  INFO 11128 --- [restartedMain] o.apache.catalina.core.StandardEngine    : Starting Servlet engine: [Apache Tomcat/10.1.13]
2023-10-05T10:08:08.039+05:30  INFO 11128 --- [restartedMain] o.a.c.c.C.[.[localhost].[/api/v1]        : Initializing Spring embedded WebApplicationContext
2023-10-05T10:08:08.039+05:30  INFO 11128 --- [restartedMain] w.s.c.ServletWebServerApplicationContext : Root WebApplicationContext: initialization completed in 2318 ms
2023-10-05T10:08:08.202+05:30  INFO 11128 --- [restartedMain] o.hibernate.jpa.internal.util.LogHelper  : HHH000204: Processing PersistenceUnitInfo [name: default]
2023-10-05T10:08:08.302+05:30  INFO 11128 --- [restartedMain] org.hibernate.Version                    : HHH000412: Hibernate ORM core version 6.2.9.Final
2023-10-05T10:08:08.302+05:30  INFO 11128 --- [restartedMain] org.hibernate.cfg.Environment            : HHH000406: Using bytecode reflection optimizer
2023-10-05T10:08:08.496+05:30  INFO 11128 --- [restartedMain] o.h.b.i.BytecodeProviderInitiator        : HHH000021: Bytecode provider name : bytebuddy
2023-10-05T10:08:08.663+05:30  INFO 11128 --- [restartedMain] o.s.o.j.p.SpringPersistenceUnitInfo      : No LoadTimeWeaver setup: ignoring JPA class transformer
2023-10-05T10:08:08.679+05:30  INFO 11128 --- [restartedMain] com.zaxxer.hikari.HikariDataSource       : HikariPool-1 - Starting...
2023-10-05T10:08:09.624+05:30  INFO 11128 --- [restartedMain] com.zaxxer.hikari.pool.HikariPool        : HikariPool-1 - Added connection com.mysql.cj.jdbc.ConnectionImpl@13945d13
2023-10-05T10:08:09.624+05:30  INFO 11128 --- [restartedMain] com.zaxxer.hikari.HikariDataSource       : HikariPool-1 - Start completed.
2023-10-05T10:08:09.706+05:30  WARN 11128 --- [restartedMain] org.hibernate.orm.deprecation            : HHH90000026: MySQL8Dialect has been deprecated; use org.hibernate.dialect.MySQLDialect instead
2023-10-05T10:08:10.033+05:30  INFO 11128 --- [restartedMain] o.h.b.i.BytecodeProviderInitiator        : HHH000021: Bytecode provider name : bytebuddy
2023-10-05T10:08:10.844+05:30  INFO 11128 --- [restartedMain] o.h.e.t.j.p.i.JtaPlatformInitiator       : HHH000490: Using JtaPlatform implementation: [org.hibernate.engine.transaction.jta.platform.internal.NoJtaPlatform]
2023-10-05T10:08:10.988+05:30  INFO 11128 --- [restartedMain] j.LocalContainerEntityManagerFactoryBean : Initialized JPA EntityManagerFactory for persistence unit 'default'
2023-10-05T10:08:11.803+05:30  WARN 11128 --- [restartedMain] JpaBaseConfiguration$JpaWebConfiguration : spring.jpa.open-in-view is enabled by default. Therefore, database queries may be performed during view rendering. Explicitly configure spring.jpa.open-in-view to disable this warning
2023-10-05T10:08:12.205+05:30  INFO 11128 --- [restartedMain] o.s.s.web.DefaultSecurityFilterChain     : Will secure any request with [org.springframework.security.web.session.DisableEncodeUrlFilter@93928cd, org.springframework.security.web.context.request.async.WebAsyncManagerIntegrationFilter@506489c0, org.springframework.security.web.context.SecurityContextHolderFilter@76bed798, org.springframework.security.web.header.HeaderWriterFilter@2ff3119f, org.springframework.web.filter.CorsFilter@1d61b926, org.springframework.security.web.authentication.logout.LogoutFilter@47252ba6, com.paranthaman.vendormanagementsystem.config.JwtAuthenticationFilter@4be0d9e0, org.springframework.security.web.savedrequest.RequestCacheAwareFilter@5d0928f, org.springframework.security.web.servletapi.SecurityContextHolderAwareRequestFilter@5acf4f3d, org.springframework.security.web.authentication.AnonymousAuthenticationFilter@2cc7a58f, org.springframework.security.web.session.SessionManagementFilter@18793860, org.springframework.security.web.access.ExceptionTranslationFilter@4544e93, org.springframework.security.web.access.intercept.AuthorizationFilter@7fa4c41e]
2023-10-05T10:08:12.567+05:30  INFO 11128 --- [restartedMain] o.s.b.d.a.OptionalLiveReloadServer       : LiveReload server is running on port 35729
2023-10-05T10:08:12.620+05:30  INFO 11128 --- [restartedMain] o.s.b.w.embedded.tomcat.TomcatWebServer  : Tomcat started on port(s): 1612 (http) with context path '/api/v1'
2023-10-05T10:08:12.635+05:30  INFO 11128 --- [restartedMain] c.p.v.VendormanagementsystemApplication  : Started VendormanagementsystemApplication in 7.828 seconds (process running for 8.395)
2023-10-05T10:08:25.645+05:30  INFO 11128 --- [http-nio-1612-exec-1] o.a.c.c.C.[.[localhost].[/api/v1]        : Initializing Spring DispatcherServlet 'dispatcherServlet'
2023-10-05T10:08:25.645+05:30  INFO 11128 --- [http-nio-1612-exec-1] o.s.web.servlet.DispatcherServlet        : Initializing Servlet 'dispatcherServlet'
2023-10-05T10:08:25.645+05:30  INFO 11128 --- [http-nio-1612-exec-1] o.s.web.servlet.DispatcherServlet        : Completed initialization in 0 ms
2023-10-05T10:08:25.660+05:30 DEBUG 11128 --- [http-nio-1612-exec-1] o.s.security.web.FilterChainProxy        : Securing POST /auth/signup
2023-10-05T10:08:25.678+05:30 DEBUG 11128 --- [http-nio-1612-exec-1] o.s.s.w.a.AnonymousAuthenticationFilter  : Set SecurityContextHolder to anonymous SecurityContext
2023-10-05T10:08:25.705+05:30 DEBUG 11128 --- [http-nio-1612-exec-1] o.s.security.web.FilterChainProxy        : Secured POST /auth/signup
2023-10-05T10:08:37.207+05:30 DEBUG 11128 --- [http-nio-1612-exec-4] o.s.security.web.FilterChainProxy        : Securing POST /auth/login
2023-10-05T10:08:37.207+05:30 DEBUG 11128 --- [http-nio-1612-exec-4] o.s.s.w.a.AnonymousAuthenticationFilter  : Set SecurityContextHolder to anonymous SecurityContext
2023-10-05T10:08:37.215+05:30 DEBUG 11128 --- [http-nio-1612-exec-4] o.s.security.web.FilterChainProxy        : Secured POST /auth/login
2023-10-05T10:08:37.721+05:30 DEBUG 11128 --- [http-nio-1612-exec-4] o.s.s.a.dao.DaoAuthenticationProvider    : Authenticated user
2023-10-05T10:09:14.968+05:30 DEBUG 11128 --- [http-nio-1612-exec-5] o.s.security.web.FilterChainProxy        : Securing POST /auth/login
2023-10-05T10:09:14.976+05:30 DEBUG 11128 --- [http-nio-1612-exec-5] o.s.s.w.a.AnonymousAuthenticationFilter  : Set SecurityContextHolder to anonymous SecurityContext
2023-10-05T10:09:14.976+05:30 DEBUG 11128 --- [http-nio-1612-exec-5] o.s.security.web.FilterChainProxy        : Secured POST /auth/login
2023-10-05T10:09:15.252+05:30 DEBUG 11128 --- [http-nio-1612-exec-5] o.s.s.a.dao.DaoAuthenticationProvider    : Authenticated user
2023-10-05T10:10:01.803+05:30 DEBUG 11128 --- [http-nio-1612-exec-6] o.s.security.web.FilterChainProxy        : Securing GET /vendor/byAid?aid=d7f08569-6b5e-4294-8a9d-dbd51e614de3
2023-10-05T10:10:01.974+05:30 DEBUG 11128 --- [http-nio-1612-exec-6] o.s.security.web.FilterChainProxy        : Secured GET /vendor/byAid?aid=d7f08569-6b5e-4294-8a9d-dbd51e614de3
2023-10-05T10:10:02.006+05:30 DEBUG 11128 --- [http-nio-1612-exec-6] o.s.security.web.FilterChainProxy        : Securing GET /error?aid=d7f08569-6b5e-4294-8a9d-dbd51e614de3
2023-10-05T10:10:02.016+05:30 DEBUG 11128 --- [http-nio-1612-exec-6] o.s.s.w.a.AnonymousAuthenticationFilter  : Set SecurityContextHolder to anonymous SecurityContext
2023-10-05T10:10:02.022+05:30 DEBUG 11128 --- [http-nio-1612-exec-6] o.s.s.w.a.Http403ForbiddenEntryPoint     : Pre-authenticated entry point called. Rejecting access
2023-10-05T10:10:09.369+05:30 DEBUG 11128 --- [http-nio-1612-exec-7] o.s.security.web.FilterChainProxy        : Securing GET /vendor/byAid?vid=d7f08569-6b5e-4294-8a9d-dbd51e614de3
2023-10-05T10:10:09.397+05:30 DEBUG 11128 --- [http-nio-1612-exec-7] o.s.security.web.FilterChainProxy        : Secured GET /vendor/byAid?vid=d7f08569-6b5e-4294-8a9d-dbd51e614de3
2023-10-05T10:10:09.410+05:30 DEBUG 11128 --- [http-nio-1612-exec-7] o.s.security.web.FilterChainProxy        : Securing GET /error?vid=d7f08569-6b5e-4294-8a9d-dbd51e614de3
2023-10-05T10:10:09.419+05:30 DEBUG 11128 --- [http-nio-1612-exec-7] o.s.s.w.a.AnonymousAuthenticationFilter  : Set SecurityContextHolder to anonymous SecurityContext
2023-10-05T10:10:09.426+05:30 DEBUG 11128 --- [http-nio-1612-exec-7] o.s.s.w.a.Http403ForbiddenEntryPoint     : Pre-authenticated entry point called. Rejecting access
2023-10-05T10:10:27.237+05:30 DEBUG 11128 --- [http-nio-1612-exec-8] o.s.security.web.FilterChainProxy        : Securing GET /vendor/byAid?vid=d7f08569-6b5e-4294-8a9d-dbd51e614de3
2023-10-05T10:10:27.273+05:30 DEBUG 11128 --- [http-nio-1612-exec-8] o.s.security.web.FilterChainProxy        : Secured GET /vendor/byAid?vid=d7f08569-6b5e-4294-8a9d-dbd51e614de3
2023-10-05T10:10:27.283+05:30 DEBUG 11128 --- [http-nio-1612-exec-8] o.s.security.web.FilterChainProxy        : Securing GET /error?vid=d7f08569-6b5e-4294-8a9d-dbd51e614de3
2023-10-05T10:10:27.286+05:30 DEBUG 11128 --- [http-nio-1612-exec-8] o.s.s.w.a.AnonymousAuthenticationFilter  : Set SecurityContextHolder to anonymous SecurityContext
2023-10-05T10:10:27.286+05:30 DEBUG 11128 --- [http-nio-1612-exec-8] o.s.s.w.a.Http403ForbiddenEntryPoint     : Pre-authenticated entry point called. Rejecting access
2023-10-05T10:10:45.413+05:30 DEBUG 11128 --- [http-nio-1612-exec-9] o.s.security.web.FilterChainProxy        : Securing POST /auth/signup
2023-10-05T10:10:45.413+05:30 DEBUG 11128 --- [http-nio-1612-exec-9] o.s.s.w.a.AnonymousAuthenticationFilter  : Set SecurityContextHolder to anonymous SecurityContext
2023-10-05T10:10:45.413+05:30 DEBUG 11128 --- [http-nio-1612-exec-9] o.s.security.web.FilterChainProxy        : Secured POST /auth/signup
2023-10-05T10:10:52.753+05:30 DEBUG 11128 --- [http-nio-1612-exec-10] o.s.security.web.FilterChainProxy        : Securing POST /auth/login
2023-10-05T10:10:52.761+05:30 DEBUG 11128 --- [http-nio-1612-exec-10] o.s.s.w.a.AnonymousAuthenticationFilter  : Set SecurityContextHolder to anonymous SecurityContext
2023-10-05T10:10:52.761+05:30 DEBUG 11128 --- [http-nio-1612-exec-10] o.s.security.web.FilterChainProxy        : Secured POST /auth/login
2023-10-05T10:10:53.038+05:30 DEBUG 11128 --- [http-nio-1612-exec-10] o.s.s.a.dao.DaoAuthenticationProvider    : Authenticated user
2023-10-05T10:11:19.992+05:30 DEBUG 11128 --- [http-nio-1612-exec-2] o.s.security.web.FilterChainProxy        : Securing GET /admin/byAid?aid=4dc42c96-35de-4b44-b84f-9debb6a38bd1
2023-10-05T10:11:20.008+05:30 DEBUG 11128 --- [http-nio-1612-exec-2] o.s.security.web.FilterChainProxy        : Secured GET /admin/byAid?aid=4dc42c96-35de-4b44-b84f-9debb6a38bd1
2023-10-05T10:13:44.808+05:30 DEBUG 11128 --- [http-nio-1612-exec-3] o.s.security.web.FilterChainProxy        : Securing GET /admin/service/getAll
2023-10-05T10:13:44.838+05:30 DEBUG 11128 --- [http-nio-1612-exec-3] o.s.security.web.FilterChainProxy        : Secured GET /admin/service/getAll
2023-10-05T11:09:50.453+05:30  INFO 11128 --- [File Watcher] rtingClassPathChangeChangedEventListener : Restarting due to 60 class path changes (0 additions, 60 deletions, 0 modifications)
2023-10-05T11:09:51.478+05:30  INFO 11128 --- [Thread-5] o.apache.catalina.core.StandardService   : Stopping service [Tomcat]
2023-10-05T11:09:51.731+05:30  INFO 11128 --- [Thread-5] o.a.c.c.C.[.[localhost].[/api/v1]        : Destroying Spring FrameworkServlet 'dispatcherServlet'
2023-10-05T11:09:51.947+05:30  WARN 11128 --- [Thread-5] o.a.c.loader.WebappClassLoaderBase       : The web application [api#v1] appears to have started a thread named [HikariPool-1 housekeeper] but has failed to stop it. This is very likely to create a memory leak. Stack trace of thread:
 java.base@17.0.6/jdk.internal.misc.Unsafe.park(Native Method)
 java.base@17.0.6/java.util.concurrent.locks.LockSupport.parkNanos(LockSupport.java:252)
 java.base@17.0.6/java.util.concurrent.locks.AbstractQueuedSynchronizer$ConditionObject.awaitNanos(AbstractQueuedSynchronizer.java:1672)
 java.base@17.0.6/java.util.concurrent.ScheduledThreadPoolExecutor$DelayedWorkQueue.take(ScheduledThreadPoolExecutor.java:1182)
 java.base@17.0.6/java.util.concurrent.ScheduledThreadPoolExecutor$DelayedWorkQueue.take(ScheduledThreadPoolExecutor.java:899)
 java.base@17.0.6/java.util.concurrent.ThreadPoolExecutor.getTask(ThreadPoolExecutor.java:1062)
 java.base@17.0.6/java.util.concurrent.ThreadPoolExecutor.runWorker(ThreadPoolExecutor.java:1122)
 java.base@17.0.6/java.util.concurrent.ThreadPoolExecutor$Worker.run(ThreadPoolExecutor.java:635)
 java.base@17.0.6/java.lang.Thread.run(Thread.java:833)
2023-10-05T11:09:52.332+05:30  INFO 11128 --- [Thread-5] j.LocalContainerEntityManagerFactoryBean : Closing JPA EntityManagerFactory for persistence unit 'default'
2023-10-05T11:09:52.612+05:30  INFO 11128 --- [Thread-5] com.zaxxer.hikari.HikariDataSource       : HikariPool-1 - Shutdown initiated...
2023-10-05T11:09:52.740+05:30  INFO 11128 --- [Thread-5] com.zaxxer.hikari.HikariDataSource       : HikariPool-1 - Shutdown completed.
2023-10-05T11:09:57.665+05:30  INFO 11128 --- [restartedMain] c.p.v.VendormanagementsystemApplication  : Starting VendormanagementsystemApplication using Java 17.0.6 with PID 11128 (E:\Dev Zone\GitHub\AppDevelopment\Day12\vendormanagementsystem\target\classes started by USER in E:\Dev Zone\GitHub\AppDevelopment\Day12\vendormanagementsystem)
2023-10-05T11:09:57.668+05:30  INFO 11128 --- [restartedMain] c.p.v.VendormanagementsystemApplication  : No active profile set, falling back to 1 default profile: "default"
2023-10-05T11:09:58.018+05:30  INFO 11128 --- [restartedMain] .s.d.r.c.RepositoryConfigurationDelegate : Bootstrapping Spring Data JPA repositories in DEFAULT mode.
2023-10-05T11:09:58.081+05:30  INFO 11128 --- [restartedMain] .s.d.r.c.RepositoryConfigurationDelegate : Finished Spring Data repository scanning in 61 ms. Found 6 JPA repository interfaces.
2023-10-05T11:09:58.372+05:30  INFO 11128 --- [restartedMain] o.s.b.w.embedded.tomcat.TomcatWebServer  : Tomcat initialized with port(s): 1612 (http)
2023-10-05T11:09:58.375+05:30  INFO 11128 --- [restartedMain] o.apache.catalina.core.StandardService   : Starting service [Tomcat]
2023-10-05T11:09:58.375+05:30  INFO 11128 --- [restartedMain] o.apache.catalina.core.StandardEngine    : Starting Servlet engine: [Apache Tomcat/10.1.13]
2023-10-05T11:09:58.435+05:30  INFO 11128 --- [restartedMain] o.a.c.c.C.[.[localhost].[/api/v1]        : Initializing Spring embedded WebApplicationContext
2023-10-05T11:09:58.435+05:30  INFO 11128 --- [restartedMain] w.s.c.ServletWebServerApplicationContext : Root WebApplicationContext: initialization completed in 761 ms
2023-10-05T11:09:58.568+05:30  INFO 11128 --- [restartedMain] o.hibernate.jpa.internal.util.LogHelper  : HHH000204: Processing PersistenceUnitInfo [name: default]
2023-10-05T11:09:58.593+05:30  INFO 11128 --- [restartedMain] o.h.b.i.BytecodeProviderInitiator        : HHH000021: Bytecode provider name : bytebuddy
2023-10-05T11:09:58.596+05:30  INFO 11128 --- [restartedMain] o.s.o.j.p.SpringPersistenceUnitInfo      : No LoadTimeWeaver setup: ignoring JPA class transformer
2023-10-05T11:09:58.596+05:30  INFO 11128 --- [restartedMain] com.zaxxer.hikari.HikariDataSource       : HikariPool-2 - Starting...
2023-10-05T11:09:58.626+05:30  INFO 11128 --- [restartedMain] com.zaxxer.hikari.pool.HikariPool        : HikariPool-2 - Added connection com.mysql.cj.jdbc.ConnectionImpl@798723d6
2023-10-05T11:09:58.626+05:30  INFO 11128 --- [restartedMain] com.zaxxer.hikari.HikariDataSource       : HikariPool-2 - Start completed.
2023-10-05T11:09:58.626+05:30  WARN 11128 --- [restartedMain] org.hibernate.orm.deprecation            : HHH90000026: MySQL8Dialect has been deprecated; use org.hibernate.dialect.MySQLDialect instead
2023-10-05T11:09:58.713+05:30  INFO 11128 --- [restartedMain] o.h.b.i.BytecodeProviderInitiator        : HHH000021: Bytecode provider name : bytebuddy
2023-10-05T11:09:58.989+05:30  INFO 11128 --- [restartedMain] o.h.e.t.j.p.i.JtaPlatformInitiator       : HHH000490: Using JtaPlatform implementation: [org.hibernate.engine.transaction.jta.platform.internal.NoJtaPlatform]
2023-10-05T11:09:59.086+05:30  INFO 11128 --- [restartedMain] j.LocalContainerEntityManagerFactoryBean : Initialized JPA EntityManagerFactory for persistence unit 'default'
2023-10-05T11:09:59.634+05:30  WARN 11128 --- [restartedMain] JpaBaseConfiguration$JpaWebConfiguration : spring.jpa.open-in-view is enabled by default. Therefore, database queries may be performed during view rendering. Explicitly configure spring.jpa.open-in-view to disable this warning
2023-10-05T11:09:59.986+05:30  INFO 11128 --- [restartedMain] o.s.s.web.DefaultSecurityFilterChain     : Will secure any request with [org.springframework.security.web.session.DisableEncodeUrlFilter@44ae7ed9, org.springframework.security.web.context.request.async.WebAsyncManagerIntegrationFilter@5cdf348f, org.springframework.security.web.context.SecurityContextHolderFilter@e2d3a97, org.springframework.security.web.header.HeaderWriterFilter@6eeb316, org.springframework.web.filter.CorsFilter@d547936, org.springframework.security.web.authentication.logout.LogoutFilter@6ecbc519, com.paranthaman.vendormanagementsystem.config.JwtAuthenticationFilter@7123bfd2, org.springframework.security.web.savedrequest.RequestCacheAwareFilter@617d38d4, org.springframework.security.web.servletapi.SecurityContextHolderAwareRequestFilter@127851ee, org.springframework.security.web.authentication.AnonymousAuthenticationFilter@7379d41e, org.springframework.security.web.session.SessionManagementFilter@eb3b7cd, org.springframework.security.web.access.ExceptionTranslationFilter@1cde6c3a, org.springframework.security.web.access.intercept.AuthorizationFilter@1a6c97fd]
2023-10-05T11:10:00.254+05:30  INFO 11128 --- [restartedMain] o.s.b.d.a.OptionalLiveReloadServer       : LiveReload server is running on port 35729
2023-10-05T11:10:00.302+05:30  INFO 11128 --- [restartedMain] o.s.b.w.embedded.tomcat.TomcatWebServer  : Tomcat started on port(s): 1612 (http) with context path '/api/v1'
2023-10-05T11:10:00.302+05:30  INFO 11128 --- [restartedMain] c.p.v.VendormanagementsystemApplication  : Started VendormanagementsystemApplication in 3.088 seconds (process running for 3716.07)
2023-10-05T11:10:00.317+05:30  INFO 11128 --- [restartedMain] .ConditionEvaluationDeltaLoggingListener : Condition evaluation unchanged
2023-10-05T11:18:56.780+05:30  INFO 11128 --- [http-nio-1612-exec-1] o.a.c.c.C.[.[localhost].[/api/v1]        : Initializing Spring DispatcherServlet 'dispatcherServlet'
2023-10-05T11:18:56.829+05:30  INFO 11128 --- [http-nio-1612-exec-1] o.s.web.servlet.DispatcherServlet        : Initializing Servlet 'dispatcherServlet'
2023-10-05T11:18:56.863+05:30  INFO 11128 --- [http-nio-1612-exec-1] o.s.web.servlet.DispatcherServlet        : Completed initialization in 34 ms
2023-10-05T11:18:56.968+05:30 DEBUG 11128 --- [http-nio-1612-exec-1] o.s.security.web.FilterChainProxy        : Securing OPTIONS /auth/login
2023-10-05T11:18:57.057+05:30 DEBUG 11128 --- [http-nio-1612-exec-2] o.s.security.web.FilterChainProxy        : Securing POST /auth/login
2023-10-05T11:18:57.082+05:30 DEBUG 11128 --- [http-nio-1612-exec-2] o.s.s.w.a.AnonymousAuthenticationFilter  : Set SecurityContextHolder to anonymous SecurityContext
2023-10-05T11:18:57.098+05:30 DEBUG 11128 --- [http-nio-1612-exec-2] o.s.security.web.FilterChainProxy        : Secured POST /auth/login
2023-10-05T11:18:57.695+05:30 DEBUG 11128 --- [http-nio-1612-exec-2] o.s.s.a.dao.DaoAuthenticationProvider    : Failed to authenticate since password does not match stored value
2023-10-05T11:18:57.777+05:30 DEBUG 11128 --- [http-nio-1612-exec-2] o.s.s.w.a.Http403ForbiddenEntryPoint     : Pre-authenticated entry point called. Rejecting access
2023-10-05T11:18:57.777+05:30 DEBUG 11128 --- [http-nio-1612-exec-2] o.s.security.web.FilterChainProxy        : Securing POST /error
2023-10-05T11:18:57.785+05:30 DEBUG 11128 --- [http-nio-1612-exec-2] o.s.s.w.a.AnonymousAuthenticationFilter  : Set SecurityContextHolder to anonymous SecurityContext
2023-10-05T11:18:57.792+05:30 DEBUG 11128 --- [http-nio-1612-exec-2] o.s.s.w.a.Http403ForbiddenEntryPoint     : Pre-authenticated entry point called. Rejecting access
2023-10-05T11:20:43.648+05:30 DEBUG 11128 --- [http-nio-1612-exec-4] o.s.security.web.FilterChainProxy        : Securing OPTIONS /auth/login
2023-10-05T11:20:43.885+05:30 DEBUG 11128 --- [http-nio-1612-exec-4] o.s.security.web.FilterChainProxy        : Securing POST /auth/login
2023-10-05T11:20:43.920+05:30 DEBUG 11128 --- [http-nio-1612-exec-4] o.s.s.w.a.AnonymousAuthenticationFilter  : Set SecurityContextHolder to anonymous SecurityContext
2023-10-05T11:20:44.002+05:30 DEBUG 11128 --- [http-nio-1612-exec-4] o.s.security.web.FilterChainProxy        : Secured POST /auth/login
2023-10-05T11:20:44.515+05:30 DEBUG 11128 --- [http-nio-1612-exec-4] o.s.s.a.dao.DaoAuthenticationProvider    : Authenticated user
2023-10-05T12:02:20.523+05:30  INFO 11128 --- [File Watcher] rtingClassPathChangeChangedEventListener : Restarting due to 1 class path change (0 additions, 0 deletions, 1 modification)
2023-10-05T12:02:20.795+05:30  INFO 11128 --- [Thread-7] o.apache.catalina.core.StandardService   : Stopping service [Tomcat]
2023-10-05T12:02:20.833+05:30  INFO 11128 --- [Thread-7] o.a.c.c.C.[.[localhost].[/api/v1]        : Destroying Spring FrameworkServlet 'dispatcherServlet'
2023-10-05T12:02:20.958+05:30  WARN 11128 --- [Thread-7] o.a.c.loader.WebappClassLoaderBase       : The web application [api#v1] appears to have started a thread named [HikariPool-2 housekeeper] but has failed to stop it. This is very likely to create a memory leak. Stack trace of thread:
 java.base@17.0.6/jdk.internal.misc.Unsafe.park(Native Method)
 java.base@17.0.6/java.util.concurrent.locks.LockSupport.parkNanos(LockSupport.java:252)
 java.base@17.0.6/java.util.concurrent.locks.AbstractQueuedSynchronizer$ConditionObject.awaitNanos(AbstractQueuedSynchronizer.java:1672)
 java.base@17.0.6/java.util.concurrent.ScheduledThreadPoolExecutor$DelayedWorkQueue.take(ScheduledThreadPoolExecutor.java:1182)
 java.base@17.0.6/java.util.concurrent.ScheduledThreadPoolExecutor$DelayedWorkQueue.take(ScheduledThreadPoolExecutor.java:899)
 java.base@17.0.6/java.util.concurrent.ThreadPoolExecutor.getTask(ThreadPoolExecutor.java:1062)
 java.base@17.0.6/java.util.concurrent.ThreadPoolExecutor.runWorker(ThreadPoolExecutor.java:1122)
 java.base@17.0.6/java.util.concurrent.ThreadPoolExecutor$Worker.run(ThreadPoolExecutor.java:635)
 java.base@17.0.6/java.lang.Thread.run(Thread.java:833)
2023-10-05T12:02:21.103+05:30  INFO 11128 --- [Thread-7] j.LocalContainerEntityManagerFactoryBean : Closing JPA EntityManagerFactory for persistence unit 'default'
2023-10-05T12:02:21.171+05:30  INFO 11128 --- [Thread-7] com.zaxxer.hikari.HikariDataSource       : HikariPool-2 - Shutdown initiated...
2023-10-05T12:02:21.231+05:30  INFO 11128 --- [Thread-7] com.zaxxer.hikari.HikariDataSource       : HikariPool-2 - Shutdown completed.
2023-10-05T12:02:22.210+05:30  INFO 11128 --- [restartedMain] c.p.v.VendormanagementsystemApplication  : Starting VendormanagementsystemApplication using Java 17.0.6 with PID 11128 (E:\Dev Zone\GitHub\AppDevelopment\Day12\vendormanagementsystem\target\classes started by USER in E:\Dev Zone\GitHub\AppDevelopment\Day12\vendormanagementsystem)
2023-10-05T12:02:22.212+05:30  INFO 11128 --- [restartedMain] c.p.v.VendormanagementsystemApplication  : No active profile set, falling back to 1 default profile: "default"
2023-10-05T12:02:22.553+05:30  INFO 11128 --- [restartedMain] .s.d.r.c.RepositoryConfigurationDelegate : Bootstrapping Spring Data JPA repositories in DEFAULT mode.
2023-10-05T12:02:22.569+05:30  INFO 11128 --- [restartedMain] .s.d.r.c.RepositoryConfigurationDelegate : Finished Spring Data repository scanning in 13 ms. Found 6 JPA repository interfaces.
2023-10-05T12:02:22.709+05:30  INFO 11128 --- [restartedMain] o.s.b.w.embedded.tomcat.TomcatWebServer  : Tomcat initialized with port(s): 1612 (http)
2023-10-05T12:02:22.710+05:30  INFO 11128 --- [restartedMain] o.apache.catalina.core.StandardService   : Starting service [Tomcat]
2023-10-05T12:02:22.711+05:30  INFO 11128 --- [restartedMain] o.apache.catalina.core.StandardEngine    : Starting Servlet engine: [Apache Tomcat/10.1.13]
2023-10-05T12:02:22.728+05:30  INFO 11128 --- [restartedMain] o.a.c.c.C.[.[localhost].[/api/v1]        : Initializing Spring embedded WebApplicationContext
2023-10-05T12:02:22.728+05:30  INFO 11128 --- [restartedMain] w.s.c.ServletWebServerApplicationContext : Root WebApplicationContext: initialization completed in 512 ms
2023-10-05T12:02:22.769+05:30  INFO 11128 --- [restartedMain] o.hibernate.jpa.internal.util.LogHelper  : HHH000204: Processing PersistenceUnitInfo [name: default]
2023-10-05T12:02:22.777+05:30  INFO 11128 --- [restartedMain] o.h.b.i.BytecodeProviderInitiator        : HHH000021: Bytecode provider name : bytebuddy
2023-10-05T12:02:22.779+05:30  INFO 11128 --- [restartedMain] o.s.o.j.p.SpringPersistenceUnitInfo      : No LoadTimeWeaver setup: ignoring JPA class transformer
2023-10-05T12:02:22.781+05:30  INFO 11128 --- [restartedMain] com.zaxxer.hikari.HikariDataSource       : HikariPool-3 - Starting...
2023-10-05T12:02:22.799+05:30  INFO 11128 --- [restartedMain] com.zaxxer.hikari.pool.HikariPool        : HikariPool-3 - Added connection com.mysql.cj.jdbc.ConnectionImpl@3c676062
2023-10-05T12:02:22.801+05:30  INFO 11128 --- [restartedMain] com.zaxxer.hikari.HikariDataSource       : HikariPool-3 - Start completed.
2023-10-05T12:02:22.803+05:30  WARN 11128 --- [restartedMain] org.hibernate.orm.deprecation            : HHH90000026: MySQL8Dialect has been deprecated; use org.hibernate.dialect.MySQLDialect instead
2023-10-05T12:02:22.840+05:30  INFO 11128 --- [restartedMain] o.h.b.i.BytecodeProviderInitiator        : HHH000021: Bytecode provider name : bytebuddy
2023-10-05T12:02:22.919+05:30  INFO 11128 --- [restartedMain] o.h.e.t.j.p.i.JtaPlatformInitiator       : HHH000490: Using JtaPlatform implementation: [org.hibernate.engine.transaction.jta.platform.internal.NoJtaPlatform]
2023-10-05T12:02:22.998+05:30  INFO 11128 --- [restartedMain] j.LocalContainerEntityManagerFactoryBean : Initialized JPA EntityManagerFactory for persistence unit 'default'
2023-10-05T12:02:23.233+05:30  WARN 11128 --- [restartedMain] JpaBaseConfiguration$JpaWebConfiguration : spring.jpa.open-in-view is enabled by default. Therefore, database queries may be performed during view rendering. Explicitly configure spring.jpa.open-in-view to disable this warning
2023-10-05T12:02:23.352+05:30  INFO 11128 --- [restartedMain] o.s.s.web.DefaultSecurityFilterChain     : Will secure any request with [org.springframework.security.web.session.DisableEncodeUrlFilter@237914c1, org.springframework.security.web.context.request.async.WebAsyncManagerIntegrationFilter@3df41d61, org.springframework.security.web.context.SecurityContextHolderFilter@5ddf1a28, org.springframework.security.web.header.HeaderWriterFilter@7a376827, org.springframework.web.filter.CorsFilter@49198d0a, org.springframework.security.web.authentication.logout.LogoutFilter@2cfa1988, com.paranthaman.vendormanagementsystem.config.JwtAuthenticationFilter@d9e6445, org.springframework.security.web.savedrequest.RequestCacheAwareFilter@1a27ed41, org.springframework.security.web.servletapi.SecurityContextHolderAwareRequestFilter@5b90d872, org.springframework.security.web.authentication.AnonymousAuthenticationFilter@12e1e7b6, org.springframework.security.web.session.SessionManagementFilter@217ac497, org.springframework.security.web.access.ExceptionTranslationFilter@7d674b11, org.springframework.security.web.access.intercept.AuthorizationFilter@726528cf]
2023-10-05T12:02:23.446+05:30  INFO 11128 --- [restartedMain] o.s.b.d.a.OptionalLiveReloadServer       : LiveReload server is running on port 35729
2023-10-05T12:02:23.458+05:30  INFO 11128 --- [restartedMain] o.s.b.w.embedded.tomcat.TomcatWebServer  : Tomcat started on port(s): 1612 (http) with context path '/api/v1'
2023-10-05T12:02:23.463+05:30  INFO 11128 --- [restartedMain] c.p.v.VendormanagementsystemApplication  : Started VendormanagementsystemApplication in 1.402 seconds (process running for 6859.217)
2023-10-05T12:02:23.466+05:30  INFO 11128 --- [restartedMain] .ConditionEvaluationDeltaLoggingListener : Condition evaluation unchanged
2023-10-05T12:04:28.302+05:30  INFO 11128 --- [http-nio-1612-exec-2] o.a.c.c.C.[.[localhost].[/api/v1]        : Initializing Spring DispatcherServlet 'dispatcherServlet'
2023-10-05T12:04:28.304+05:30  INFO 11128 --- [http-nio-1612-exec-2] o.s.web.servlet.DispatcherServlet        : Initializing Servlet 'dispatcherServlet'
2023-10-05T12:04:28.307+05:30  INFO 11128 --- [http-nio-1612-exec-2] o.s.web.servlet.DispatcherServlet        : Completed initialization in 3 ms
2023-10-05T12:04:28.309+05:30 DEBUG 11128 --- [http-nio-1612-exec-2] o.s.security.web.FilterChainProxy        : Securing PUT /admin/updateName?aid=4dc42c96-35de-4b44-b84f-9debb6a38bd1&name=New%20Name
2023-10-05T12:04:28.377+05:30 DEBUG 11128 --- [http-nio-1612-exec-2] o.s.security.web.FilterChainProxy        : Secured PUT /admin/updateName?aid=4dc42c96-35de-4b44-b84f-9debb6a38bd1&name=New%20Name
2023-10-05T12:58:12.215+05:30  INFO 11128 --- [File Watcher] rtingClassPathChangeChangedEventListener : Restarting due to 1 class path change (0 additions, 0 deletions, 1 modification)
2023-10-05T12:58:12.993+05:30  INFO 11128 --- [Thread-14] o.apache.catalina.core.StandardService   : Stopping service [Tomcat]
2023-10-05T12:58:13.121+05:30  INFO 11128 --- [Thread-14] o.a.c.c.C.[.[localhost].[/api/v1]        : Destroying Spring FrameworkServlet 'dispatcherServlet'
2023-10-05T12:58:13.649+05:30  WARN 11128 --- [Thread-14] o.a.c.loader.WebappClassLoaderBase       : The web application [api#v1] appears to have started a thread named [HikariPool-3 housekeeper] but has failed to stop it. This is very likely to create a memory leak. Stack trace of thread:
 java.base@17.0.6/jdk.internal.misc.Unsafe.park(Native Method)
 java.base@17.0.6/java.util.concurrent.locks.LockSupport.parkNanos(LockSupport.java:252)
 java.base@17.0.6/java.util.concurrent.locks.AbstractQueuedSynchronizer$ConditionObject.awaitNanos(AbstractQueuedSynchronizer.java:1672)
 java.base@17.0.6/java.util.concurrent.ScheduledThreadPoolExecutor$DelayedWorkQueue.take(ScheduledThreadPoolExecutor.java:1182)
 java.base@17.0.6/java.util.concurrent.ScheduledThreadPoolExecutor$DelayedWorkQueue.take(ScheduledThreadPoolExecutor.java:899)
 java.base@17.0.6/java.util.concurrent.ThreadPoolExecutor.getTask(ThreadPoolExecutor.java:1062)
 java.base@17.0.6/java.util.concurrent.ThreadPoolExecutor.runWorker(ThreadPoolExecutor.java:1122)
 java.base@17.0.6/java.util.concurrent.ThreadPoolExecutor$Worker.run(ThreadPoolExecutor.java:635)
 java.base@17.0.6/java.lang.Thread.run(Thread.java:833)
2023-10-05T12:58:16.503+05:30  INFO 11128 --- [Thread-14] j.LocalContainerEntityManagerFactoryBean : Closing JPA EntityManagerFactory for persistence unit 'default'
2023-10-05T12:58:16.538+05:30  INFO 11128 --- [Thread-14] com.zaxxer.hikari.HikariDataSource       : HikariPool-3 - Shutdown initiated...
2023-10-05T12:58:17.361+05:30  INFO 11128 --- [Thread-14] com.zaxxer.hikari.HikariDataSource       : HikariPool-3 - Shutdown completed.
2023-10-05T12:58:17.729+05:30  INFO 11128 --- [restartedMain] c.p.v.VendormanagementsystemApplication  : Starting VendormanagementsystemApplication using Java 17.0.6 with PID 11128 (E:\Dev Zone\GitHub\AppDevelopment\Day12\vendormanagementsystem\target\classes started by USER in E:\Dev Zone\GitHub\AppDevelopment\Day12\vendormanagementsystem)
2023-10-05T12:58:17.742+05:30  INFO 11128 --- [restartedMain] c.p.v.VendormanagementsystemApplication  : No active profile set, falling back to 1 default profile: "default"
2023-10-05T12:58:19.829+05:30  INFO 11128 --- [restartedMain] .s.d.r.c.RepositoryConfigurationDelegate : Bootstrapping Spring Data JPA repositories in DEFAULT mode.
2023-10-05T12:58:19.923+05:30  INFO 11128 --- [restartedMain] .s.d.r.c.RepositoryConfigurationDelegate : Finished Spring Data repository scanning in 95 ms. Found 6 JPA repository interfaces.
2023-10-05T12:58:20.402+05:30  INFO 11128 --- [restartedMain] o.s.b.w.embedded.tomcat.TomcatWebServer  : Tomcat initialized with port(s): 1612 (http)
2023-10-05T12:58:20.402+05:30  INFO 11128 --- [restartedMain] o.apache.catalina.core.StandardService   : Starting service [Tomcat]
2023-10-05T12:58:20.402+05:30  INFO 11128 --- [restartedMain] o.apache.catalina.core.StandardEngine    : Starting Servlet engine: [Apache Tomcat/10.1.13]
2023-10-05T12:58:20.482+05:30  INFO 11128 --- [restartedMain] o.a.c.c.C.[.[localhost].[/api/v1]        : Initializing Spring embedded WebApplicationContext
2023-10-05T12:58:20.487+05:30  INFO 11128 --- [restartedMain] w.s.c.ServletWebServerApplicationContext : Root WebApplicationContext: initialization completed in 2745 ms
2023-10-05T12:58:20.599+05:30  INFO 11128 --- [restartedMain] o.hibernate.jpa.internal.util.LogHelper  : HHH000204: Processing PersistenceUnitInfo [name: default]
2023-10-05T12:58:20.608+05:30  INFO 11128 --- [restartedMain] o.h.b.i.BytecodeProviderInitiator        : HHH000021: Bytecode provider name : bytebuddy
2023-10-05T12:58:20.624+05:30  INFO 11128 --- [restartedMain] o.s.o.j.p.SpringPersistenceUnitInfo      : No LoadTimeWeaver setup: ignoring JPA class transformer
2023-10-05T12:58:20.624+05:30  INFO 11128 --- [restartedMain] com.zaxxer.hikari.HikariDataSource       : HikariPool-4 - Starting...
2023-10-05T12:58:20.656+05:30  INFO 11128 --- [restartedMain] com.zaxxer.hikari.pool.HikariPool        : HikariPool-4 - Added connection com.mysql.cj.jdbc.ConnectionImpl@451ae5a0
2023-10-05T12:58:20.656+05:30  INFO 11128 --- [restartedMain] com.zaxxer.hikari.HikariDataSource       : HikariPool-4 - Start completed.
2023-10-05T12:58:20.656+05:30  WARN 11128 --- [restartedMain] org.hibernate.orm.deprecation            : HHH90000026: MySQL8Dialect has been deprecated; use org.hibernate.dialect.MySQLDialect instead
2023-10-05T12:58:20.730+05:30  INFO 11128 --- [restartedMain] o.h.b.i.BytecodeProviderInitiator        : HHH000021: Bytecode provider name : bytebuddy
2023-10-05T12:58:20.884+05:30  INFO 11128 --- [restartedMain] o.h.e.t.j.p.i.JtaPlatformInitiator       : HHH000490: Using JtaPlatform implementation: [org.hibernate.engine.transaction.jta.platform.internal.NoJtaPlatform]
2023-10-05T12:58:20.997+05:30  INFO 11128 --- [restartedMain] j.LocalContainerEntityManagerFactoryBean : Initialized JPA EntityManagerFactory for persistence unit 'default'
2023-10-05T12:58:21.527+05:30  WARN 11128 --- [restartedMain] JpaBaseConfiguration$JpaWebConfiguration : spring.jpa.open-in-view is enabled by default. Therefore, database queries may be performed during view rendering. Explicitly configure spring.jpa.open-in-view to disable this warning
2023-10-05T12:58:21.860+05:30  INFO 11128 --- [restartedMain] o.s.s.web.DefaultSecurityFilterChain     : Will secure any request with [org.springframework.security.web.session.DisableEncodeUrlFilter@49725e06, org.springframework.security.web.context.request.async.WebAsyncManagerIntegrationFilter@1a866196, org.springframework.security.web.context.SecurityContextHolderFilter@50d0fb8f, org.springframework.security.web.header.HeaderWriterFilter@58132e10, org.springframework.web.filter.CorsFilter@708e8da, org.springframework.security.web.authentication.logout.LogoutFilter@34a2c510, com.paranthaman.vendormanagementsystem.config.JwtAuthenticationFilter@67b8f741, org.springframework.security.web.savedrequest.RequestCacheAwareFilter@1fe6626b, org.springframework.security.web.servletapi.SecurityContextHolderAwareRequestFilter@5e44ac29, org.springframework.security.web.authentication.AnonymousAuthenticationFilter@7ef49396, org.springframework.security.web.session.SessionManagementFilter@799d1d0a, org.springframework.security.web.access.ExceptionTranslationFilter@252d5a84, org.springframework.security.web.access.intercept.AuthorizationFilter@6633e6d3]
2023-10-05T12:58:22.080+05:30  INFO 11128 --- [restartedMain] o.s.b.d.a.OptionalLiveReloadServer       : LiveReload server is running on port 35729
2023-10-05T12:58:22.115+05:30  INFO 11128 --- [restartedMain] o.s.b.w.embedded.tomcat.TomcatWebServer  : Tomcat started on port(s): 1612 (http) with context path '/api/v1'
2023-10-05T12:58:22.127+05:30  INFO 11128 --- [restartedMain] c.p.v.VendormanagementsystemApplication  : Started VendormanagementsystemApplication in 4.47 seconds (process running for 10217.883)
2023-10-05T12:58:22.133+05:30  INFO 11128 --- [restartedMain] .ConditionEvaluationDeltaLoggingListener : Condition evaluation unchanged
2023-10-05T13:02:07.704+05:30  INFO 11128 --- [http-nio-1612-exec-2] o.a.c.c.C.[.[localhost].[/api/v1]        : Initializing Spring DispatcherServlet 'dispatcherServlet'
2023-10-05T13:02:07.704+05:30  INFO 11128 --- [http-nio-1612-exec-2] o.s.web.servlet.DispatcherServlet        : Initializing Servlet 'dispatcherServlet'
2023-10-05T13:02:07.711+05:30  INFO 11128 --- [http-nio-1612-exec-2] o.s.web.servlet.DispatcherServlet        : Completed initialization in 7 ms
2023-10-05T13:02:07.714+05:30 DEBUG 11128 --- [http-nio-1612-exec-2] o.s.security.web.FilterChainProxy        : Securing POST /auth/signup
2023-10-05T13:02:07.714+05:30 DEBUG 11128 --- [http-nio-1612-exec-2] o.s.s.w.a.AnonymousAuthenticationFilter  : Set SecurityContextHolder to anonymous SecurityContext
2023-10-05T13:02:07.718+05:30 DEBUG 11128 --- [http-nio-1612-exec-2] o.s.security.web.FilterChainProxy        : Secured POST /auth/signup
2023-10-05T13:02:17.099+05:30 DEBUG 11128 --- [http-nio-1612-exec-3] o.s.security.web.FilterChainProxy        : Securing POST /auth/login
2023-10-05T13:02:17.106+05:30 DEBUG 11128 --- [http-nio-1612-exec-3] o.s.s.w.a.AnonymousAuthenticationFilter  : Set SecurityContextHolder to anonymous SecurityContext
2023-10-05T13:02:17.106+05:30 DEBUG 11128 --- [http-nio-1612-exec-3] o.s.security.web.FilterChainProxy        : Secured POST /auth/login
2023-10-05T13:02:17.538+05:30 DEBUG 11128 --- [http-nio-1612-exec-3] o.s.s.a.dao.DaoAuthenticationProvider    : Authenticated user
2023-10-05T13:43:08.544+05:30  WARN 11128 --- [HikariPool-4 housekeeper] com.zaxxer.hikari.pool.HikariPool        : HikariPool-4 - Thread starvation or clock leap detected (housekeeper delta=39m17s542ms54µs400ns).
2023-10-05T13:43:37.215+05:30 DEBUG 11128 --- [http-nio-1612-exec-6] o.s.security.web.FilterChainProxy        : Securing GET /admin/byAid?aid=10c044d9-067a-4ac9-9f49-04b146ebd949
2023-10-05T13:43:37.762+05:30 DEBUG 11128 --- [http-nio-1612-exec-6] o.s.security.web.FilterChainProxy        : Secured GET /admin/byAid?aid=10c044d9-067a-4ac9-9f49-04b146ebd949
2023-10-05T13:46:52.727+05:30 DEBUG 11128 --- [http-nio-1612-exec-9] o.s.security.web.FilterChainProxy        : Securing GET /admin/byAid?aid=10c044d9-067a-4ac9-9f49-04b146ebd949
2023-10-05T13:46:52.747+05:30 DEBUG 11128 --- [http-nio-1612-exec-9] o.s.s.w.a.AnonymousAuthenticationFilter  : Set SecurityContextHolder to anonymous SecurityContext
2023-10-05T13:46:52.825+05:30 DEBUG 11128 --- [http-nio-1612-exec-9] o.s.s.w.a.Http403ForbiddenEntryPoint     : Pre-authenticated entry point called. Rejecting access
2023-10-05T13:46:52.836+05:30 DEBUG 11128 --- [http-nio-1612-exec-9] o.s.security.web.FilterChainProxy        : Securing GET /error?aid=10c044d9-067a-4ac9-9f49-04b146ebd949
2023-10-05T13:46:52.890+05:30 DEBUG 11128 --- [http-nio-1612-exec-9] o.s.s.w.a.AnonymousAuthenticationFilter  : Set SecurityContextHolder to anonymous SecurityContext
2023-10-05T13:46:52.898+05:30 DEBUG 11128 --- [http-nio-1612-exec-9] o.s.s.w.a.Http403ForbiddenEntryPoint     : Pre-authenticated entry point called. Rejecting access
